This file contains any messages produced by compilers while
running configure, to aid debugging if configure makes a mistake.

It was created by configure, which was
generated by GNU Autoconf 2.61.  Invocation command line was

  $ ./configure 

## --------- ##
## Platform. ##
## --------- ##

hostname = ubuntu
uname -m = x86_64
uname -r = 3.19.0-25-generic
uname -s = Linux
uname -v = #26~14.04.1-Ubuntu SMP Fri Jul 24 21:16:20 UTC 2015

/usr/bin/uname -p = unknown
/bin/uname -X     = unknown

/bin/arch              = unknown
/usr/bin/arch -k       = unknown
/usr/convex/getsysinfo = unknown
/usr/bin/hostinfo      = unknown
/bin/machine           = unknown
/usr/bin/oslevel       = unknown
/bin/universe          = unknown

PATH: /usr/local/sbin
PATH: /usr/local/bin
PATH: /usr/sbin
PATH: /usr/bin
PATH: /sbin
PATH: /bin
PATH: /usr/games
PATH: /usr/local/games
PATH: /opt/poky/1.5.1/sysroots/x86_64-pokysdk-linux/usr/bin/arm-poky-linux-gnueabi
PATH: /opt/gcc-arm-linux-fscl/bin
PATH: /opt/poky/1.5.1/sysroots/x86_64-pokysdk-linux/usr/bin/arm-poky-linux-gnueabi
PATH: /datadisk/ee/rootfs/tools/build
PATH: /datadisk/ee/ee_ud/ud_dock_bsp/udi_jetson_to_go/prebuilts/gcc/linux-x86/arm/arm-eabi-4.8/bin


## ----------- ##
## Core tests. ##
## ----------- ##

configure:1972: checking for a BSD-compatible install
configure:2028: result: /usr/bin/install -c
configure:2039: checking whether build environment is sane
configure:2082: result: yes
configure:2110: checking for a thread-safe mkdir -p
configure:2149: result: /bin/mkdir -p
configure:2162: checking for gawk
configure:2192: result: no
configure:2162: checking for mawk
configure:2178: found /usr/bin/mawk
configure:2189: result: mawk
configure:2200: checking whether make sets $(MAKE)
configure:2221: result: yes
configure:2461: checking for gcc
configure:2477: found /usr/bin/gcc
configure:2488: result: gcc
configure:2726: checking for C compiler version
configure:2733: gcc --version >&5
gcc (Ubuntu 4.8.4-2ubuntu1~14.04.3) 4.8.4
Copyright (C) 2013 Free Software Foundation, Inc.
This is free software; see the source for copying conditions.  There is NO
warranty; not even for MERCHANTABILITY or FITNESS FOR A PARTICULAR PURPOSE.

configure:2736: $? = 0
configure:2743: gcc -v >&5
Using built-in specs.
COLLECT_GCC=gcc
COLLECT_LTO_WRAPPER=/usr/lib/gcc/x86_64-linux-gnu/4.8/lto-wrapper
Target: x86_64-linux-gnu
Configured with: ../src/configure -v --with-pkgversion='Ubuntu 4.8.4-2ubuntu1~14.04.3' --with-bugurl=file:///usr/share/doc/gcc-4.8/README.Bugs --enable-languages=c,c++,java,go,d,fortran,objc,obj-c++ --prefix=/usr --program-suffix=-4.8 --enable-shared --enable-linker-build-id --libexecdir=/usr/lib --without-included-gettext --enable-threads=posix --with-gxx-include-dir=/usr/include/c++/4.8 --libdir=/usr/lib --enable-nls --with-sysroot=/ --enable-clocale=gnu --enable-libstdcxx-debug --enable-libstdcxx-time=yes --enable-gnu-unique-object --disable-libmudflap --enable-plugin --with-system-zlib --disable-browser-plugin --enable-java-awt=gtk --enable-gtk-cairo --with-java-home=/usr/lib/jvm/java-1.5.0-gcj-4.8-amd64/jre --enable-java-home --with-jvm-root-dir=/usr/lib/jvm/java-1.5.0-gcj-4.8-amd64 --with-jvm-jar-dir=/usr/lib/jvm-exports/java-1.5.0-gcj-4.8-amd64 --with-arch-directory=amd64 --with-ecj-jar=/usr/share/java/eclipse-ecj.jar --enable-objc-gc --enable-multiarch --disable-werror --with-arch-32=i686 --with-abi=m64 --with-multilib-list=m32,m64,mx32 --with-tune=generic --enable-checking=release --build=x86_64-linux-gnu --host=x86_64-linux-gnu --target=x86_64-linux-gnu
Thread model: posix
gcc version 4.8.4 (Ubuntu 4.8.4-2ubuntu1~14.04.3) 
configure:2746: $? = 0
configure:2753: gcc -V >&5
gcc: error: unrecognized command line option '-V'
gcc: fatal error: no input files
compilation terminated.
configure:2756: $? = 4
configure:2779: checking for C compiler default output file name
configure:2806: gcc    conftest.c  >&5
configure:2809: $? = 0
configure:2847: result: a.out
configure:2864: checking whether the C compiler works
configure:2874: ./a.out
configure:2877: $? = 0
configure:2894: result: yes
configure:2901: checking whether we are cross compiling
configure:2903: result: no
configure:2906: checking for suffix of executables
configure:2913: gcc -o conftest    conftest.c  >&5
configure:2916: $? = 0
configure:2940: result: 
configure:2946: checking for suffix of object files
configure:2972: gcc -c   conftest.c >&5
configure:2975: $? = 0
configure:2998: result: o
configure:3002: checking whether we are using the GNU C compiler
configure:3031: gcc -c   conftest.c >&5
configure:3037: $? = 0
configure:3054: result: yes
configure:3059: checking whether gcc accepts -g
configure:3089: gcc -c -g  conftest.c >&5
configure:3095: $? = 0
configure:3194: result: yes
configure:3211: checking for gcc option to accept ISO C89
configure:3285: gcc  -c -g -O2  conftest.c >&5
configure:3291: $? = 0
configure:3314: result: none needed
configure:3343: checking for style of include used by make
configure:3371: result: GNU
configure:3396: checking dependency style of gcc
configure:3487: result: gcc3
configure:3507: checking how to run the C preprocessor
configure:3547: gcc -E  conftest.c
configure:3553: $? = 0
configure:3584: gcc -E  conftest.c
conftest.c:10:28: fatal error: ac_nonexistent.h: No such file or directory
 #include <ac_nonexistent.h>
                            ^
compilation terminated.
configure:3590: $? = 1
configure: failed program was:
| /* confdefs.h.  */
| #define PACKAGE_NAME ""
| #define PACKAGE_TARNAME ""
| #define PACKAGE_VERSION ""
| #define PACKAGE_STRING ""
| #define PACKAGE_BUGREPORT ""
| #define PACKAGE "fcgi"
| #define VERSION "2.4.0"
| /* end confdefs.h.  */
| #include <ac_nonexistent.h>
configure:3623: result: gcc -E
configure:3652: gcc -E  conftest.c
configure:3658: $? = 0
configure:3689: gcc -E  conftest.c
conftest.c:10:28: fatal error: ac_nonexistent.h: No such file or directory
 #include <ac_nonexistent.h>
                            ^
compilation terminated.
configure:3695: $? = 1
configure: failed program was:
| /* confdefs.h.  */
| #define PACKAGE_NAME ""
| #define PACKAGE_TARNAME ""
| #define PACKAGE_VERSION ""
| #define PACKAGE_STRING ""
| #define PACKAGE_BUGREPORT ""
| #define PACKAGE "fcgi"
| #define VERSION "2.4.0"
| /* end confdefs.h.  */
| #include <ac_nonexistent.h>
configure:3745: checking for a BSD-compatible install
configure:3801: result: /usr/bin/install -c
configure:3890: checking build system type
configure:3908: result: x86_64-unknown-linux-gnu
configure:3930: checking host system type
configure:3945: result: x86_64-unknown-linux-gnu
configure:3967: checking for a sed that does not truncate output
configure:4023: result: /bin/sed
configure:4026: checking for grep that handles long lines and -e
configure:4100: result: /bin/grep
configure:4105: checking for egrep
configure:4183: result: /bin/grep -E
configure:4199: checking for ld used by gcc
configure:4266: result: /usr/bin/ld
configure:4275: checking if the linker (/usr/bin/ld) is GNU ld
configure:4290: result: yes
configure:4295: checking for /usr/bin/ld option to reload object files
configure:4302: result: -r
configure:4320: checking for BSD-compatible nm
configure:4369: result: /usr/bin/nm -B
configure:4373: checking whether ln -s works
configure:4377: result: yes
configure:4384: checking how to recognize dependent libraries
configure:4570: result: pass_all
configure:4659: gcc -c -g -O2  conftest.c >&5
configure:4662: $? = 0
configure:4807: checking for ANSI C header files
configure:4837: gcc -c -g -O2  conftest.c >&5
configure:4843: $? = 0
configure:4942: gcc -o conftest -g -O2   conftest.c  >&5
configure:4945: $? = 0
configure:4951: ./conftest
configure:4954: $? = 0
configure:4971: result: yes
configure:4995: checking for sys/types.h
configure:5016: gcc -c -g -O2  conftest.c >&5
configure:5022: $? = 0
configure:5038: result: yes
configure:4995: checking for sys/stat.h
configure:5016: gcc -c -g -O2  conftest.c >&5
configure:5022: $? = 0
configure:5038: result: yes
configure:4995: checking for stdlib.h
configure:5016: gcc -c -g -O2  conftest.c >&5
configure:5022: $? = 0
configure:5038: result: yes
configure:4995: checking for string.h
configure:5016: gcc -c -g -O2  conftest.c >&5
configure:5022: $? = 0
configure:5038: result: yes
configure:4995: checking for memory.h
configure:5016: gcc -c -g -O2  conftest.c >&5
configure:5022: $? = 0
configure:5038: result: yes
configure:4995: checking for strings.h
configure:5016: gcc -c -g -O2  conftest.c >&5
configure:5022: $? = 0
configure:5038: result: yes
configure:4995: checking for inttypes.h
configure:5016: gcc -c -g -O2  conftest.c >&5
configure:5022: $? = 0
configure:5038: result: yes
configure:4995: checking for stdint.h
configure:5016: gcc -c -g -O2  conftest.c >&5
configure:5022: $? = 0
configure:5038: result: yes
configure:4995: checking for unistd.h
configure:5016: gcc -c -g -O2  conftest.c >&5
configure:5022: $? = 0
configure:5038: result: yes
configure:5065: checking dlfcn.h usability
configure:5082: gcc -c -g -O2  conftest.c >&5
configure:5088: $? = 0
configure:5102: result: yes
configure:5106: checking dlfcn.h presence
configure:5121: gcc -E  conftest.c
configure:5127: $? = 0
configure:5141: result: yes
configure:5169: checking for dlfcn.h
configure:5177: result: yes
configure:5248: checking for g++
configure:5264: found /usr/bin/g++
configure:5275: result: g++
configure:5306: checking for C++ compiler version
configure:5313: g++ --version >&5
g++ (Ubuntu 4.8.4-2ubuntu1~14.04.3) 4.8.4
Copyright (C) 2013 Free Software Foundation, Inc.
This is free software; see the source for copying conditions.  There is NO
warranty; not even for MERCHANTABILITY or FITNESS FOR A PARTICULAR PURPOSE.

configure:5316: $? = 0
configure:5323: g++ -v >&5
Using built-in specs.
COLLECT_GCC=g++
COLLECT_LTO_WRAPPER=/usr/lib/gcc/x86_64-linux-gnu/4.8/lto-wrapper
Target: x86_64-linux-gnu
Configured with: ../src/configure -v --with-pkgversion='Ubuntu 4.8.4-2ubuntu1~14.04.3' --with-bugurl=file:///usr/share/doc/gcc-4.8/README.Bugs --enable-languages=c,c++,java,go,d,fortran,objc,obj-c++ --prefix=/usr --program-suffix=-4.8 --enable-shared --enable-linker-build-id --libexecdir=/usr/lib --without-included-gettext --enable-threads=posix --with-gxx-include-dir=/usr/include/c++/4.8 --libdir=/usr/lib --enable-nls --with-sysroot=/ --enable-clocale=gnu --enable-libstdcxx-debug --enable-libstdcxx-time=yes --enable-gnu-unique-object --disable-libmudflap --enable-plugin --with-system-zlib --disable-browser-plugin --enable-java-awt=gtk --enable-gtk-cairo --with-java-home=/usr/lib/jvm/java-1.5.0-gcj-4.8-amd64/jre --enable-java-home --with-jvm-root-dir=/usr/lib/jvm/java-1.5.0-gcj-4.8-amd64 --with-jvm-jar-dir=/usr/lib/jvm-exports/java-1.5.0-gcj-4.8-amd64 --with-arch-directory=amd64 --with-ecj-jar=/usr/share/java/eclipse-ecj.jar --enable-objc-gc --enable-multiarch --disable-werror --with-arch-32=i686 --with-abi=m64 --with-multilib-list=m32,m64,mx32 --with-tune=generic --enable-checking=release --build=x86_64-linux-gnu --host=x86_64-linux-gnu --target=x86_64-linux-gnu
Thread model: posix
gcc version 4.8.4 (Ubuntu 4.8.4-2ubuntu1~14.04.3) 
configure:5326: $? = 0
configure:5333: g++ -V >&5
g++: error: unrecognized command line option '-V'
g++: fatal error: no input files
compilation terminated.
configure:5336: $? = 4
configure:5339: checking whether we are using the GNU C++ compiler
configure:5368: g++ -c   conftest.cpp >&5
configure:5374: $? = 0
configure:5391: result: yes
configure:5396: checking whether g++ accepts -g
configure:5426: g++ -c -g  conftest.cpp >&5
configure:5432: $? = 0
configure:5531: result: yes
configure:5556: checking dependency style of g++
configure:5647: result: gcc3
configure:5672: checking how to run the C++ preprocessor
configure:5708: g++ -E  conftest.cpp
configure:5714: $? = 0
configure:5745: g++ -E  conftest.cpp
conftest.cpp:21:28: fatal error: ac_nonexistent.h: No such file or directory
 #include <ac_nonexistent.h>
                            ^
compilation terminated.
configure:5751: $? = 1
configure: failed program was:
| /* confdefs.h.  */
| #define PACKAGE_NAME ""
| #define PACKAGE_TARNAME ""
| #define PACKAGE_VERSION ""
| #define PACKAGE_STRING ""
| #define PACKAGE_BUGREPORT ""
| #define PACKAGE "fcgi"
| #define VERSION "2.4.0"
| #define STDC_HEADERS 1
| #define HAVE_SYS_TYPES_H 1
| #define HAVE_SYS_STAT_H 1
| #define HAVE_STDLIB_H 1
| #define HAVE_STRING_H 1
| #define HAVE_MEMORY_H 1
| #define HAVE_STRINGS_H 1
| #define HAVE_INTTYPES_H 1
| #define HAVE_STDINT_H 1
| #define HAVE_UNISTD_H 1
| #define HAVE_DLFCN_H 1
| /* end confdefs.h.  */
| #include <ac_nonexistent.h>
configure:5784: result: g++ -E
configure:5813: g++ -E  conftest.cpp
configure:5819: $? = 0
configure:5850: g++ -E  conftest.cpp
conftest.cpp:21:28: fatal error: ac_nonexistent.h: No such file or directory
 #include <ac_nonexistent.h>
                            ^
compilation terminated.
configure:5856: $? = 1
configure: failed program was:
| /* confdefs.h.  */
| #define PACKAGE_NAME ""
| #define PACKAGE_TARNAME ""
| #define PACKAGE_VERSION ""
| #define PACKAGE_STRING ""
| #define PACKAGE_BUGREPORT ""
| #define PACKAGE "fcgi"
| #define VERSION "2.4.0"
| #define STDC_HEADERS 1
| #define HAVE_SYS_TYPES_H 1
| #define HAVE_SYS_STAT_H 1
| #define HAVE_STDLIB_H 1
| #define HAVE_STRING_H 1
| #define HAVE_MEMORY_H 1
| #define HAVE_STRINGS_H 1
| #define HAVE_INTTYPES_H 1
| #define HAVE_STDINT_H 1
| #define HAVE_UNISTD_H 1
| #define HAVE_DLFCN_H 1
| /* end confdefs.h.  */
| #include <ac_nonexistent.h>
configure:5949: checking for g77
configure:5979: result: no
configure:5949: checking for xlf
configure:5979: result: no
configure:5949: checking for f77
configure:5979: result: no
configure:5949: checking for frt
configure:5979: result: no
configure:5949: checking for pgf77
configure:5979: result: no
configure:5949: checking for cf77
configure:5979: result: no
configure:5949: checking for fort77
configure:5979: result: no
configure:5949: checking for fl32
configure:5979: result: no
configure:5949: checking for af77
configure:5979: result: no
configure:5949: checking for xlf90
configure:5979: result: no
configure:5949: checking for f90
configure:5979: result: no
configure:5949: checking for pgf90
configure:5979: result: no
configure:5949: checking for pghpf
configure:5979: result: no
configure:5949: checking for epcf90
configure:5979: result: no
configure:5949: checking for gfortran
configure:5979: result: no
configure:5949: checking for g95
configure:5979: result: no
configure:5949: checking for xlf95
configure:5979: result: no
configure:5949: checking for f95
configure:5979: result: no
configure:5949: checking for fort
configure:5979: result: no
configure:5949: checking for ifort
configure:5979: result: no
configure:5949: checking for ifc
configure:5979: result: no
configure:5949: checking for efc
configure:5979: result: no
configure:5949: checking for pgf95
configure:5979: result: no
configure:5949: checking for lf95
configure:5979: result: no
configure:5949: checking for ftn
configure:5979: result: no
configure:6006: checking for Fortran 77 compiler version
configure:6013:  --version >&5
./configure: line 6014: --version: command not found
configure:6016: $? = 127
configure:6023:  -v >&5
./configure: line 6024: -v: command not found
configure:6026: $? = 127
configure:6033:  -V >&5
./configure: line 6034: -V: command not found
configure:6036: $? = 127
configure:6044: checking whether we are using the GNU Fortran 77 compiler
configure:6063:  -c  conftest.F >&5
./configure: line 6064: -c: command not found
configure:6069: $? = 127
configure: failed program was:
|       program main
| #ifndef __GNUC__
|        choke me
| #endif
| 
|       end
configure:6086: result: no
configure:6092: checking whether  accepts -g
configure:6109:  -c -g conftest.f >&5
./configure: line 6110: -c: command not found
configure:6115: $? = 127
configure: failed program was:
|       program main
| 
|       end
configure:6131: result: no
configure:6161: checking the maximum length of command line arguments
configure:6273: result: 1572864
configure:6285: checking command to parse /usr/bin/nm -B output from gcc object
configure:6390: gcc -c -g -O2  conftest.c >&5
configure:6393: $? = 0
configure:6397: /usr/bin/nm -B conftest.o \| sed -n -e 's/^.*[ 	]\([ABCDGIRSTW][ABCDGIRSTW]*\)[ 	][ 	]*\([_A-Za-z][_A-Za-z0-9]*\)$/\1 \2 \2/p' \> conftest.nm
configure:6400: $? = 0
configure:6452: gcc -o conftest -g -O2   conftest.c conftstm.o >&5
configure:6455: $? = 0
configure:6493: result: ok
configure:6497: checking for objdir
configure:6512: result: .libs
configure:6604: checking for ar
configure:6620: found /usr/bin/ar
configure:6631: result: ar
configure:6700: checking for ranlib
configure:6716: found /usr/bin/ranlib
configure:6727: result: ranlib
configure:6796: checking for strip
configure:6812: found /usr/bin/strip
configure:6823: result: strip
configure:7109: checking if gcc supports -fno-rtti -fno-exceptions
configure:7127: gcc -c -g -O2  -fno-rtti -fno-exceptions conftest.c >&5
cc1: warning: command line option '-fno-rtti' is valid for C++/ObjC++ but not for C [enabled by default]
configure:7131: $? = 0
configure:7144: result: no
configure:7159: checking for gcc option to produce PIC
configure:7391: result: -fPIC
configure:7399: checking if gcc PIC flag -fPIC works
configure:7417: gcc -c -g -O2  -fPIC -DPIC conftest.c >&5
configure:7421: $? = 0
configure:7434: result: yes
configure:7462: checking if gcc static flag -static works
configure:7490: result: yes
configure:7500: checking if gcc supports -c -o file.o
configure:7521: gcc -c -g -O2  -o out/conftest2.o conftest.c >&5
configure:7525: $? = 0
configure:7547: result: yes
configure:7573: checking whether the gcc linker (/usr/bin/ld -m elf_x86_64) supports shared libraries
configure:8554: result: yes
configure:8575: checking whether -lc should be explicitly linked in
configure:8580: gcc -c -g -O2  conftest.c >&5
configure:8583: $? = 0
configure:8598: gcc -shared conftest.o  -v -Wl,-soname -Wl,conftest -o conftest 2\>\&1 \| grep  -lc  \>/dev/null 2\>\&1
configure:8601: $? = 0
configure:8613: result: no
configure:8621: checking dynamic linker characteristics
configure:9235: result: GNU/Linux ld.so
configure:9244: checking how to hardcode library paths into programs
configure:9269: result: immediate
configure:9283: checking whether stripping libraries is possible
configure:9288: result: yes
configure:10090: checking if libtool supports shared libraries
configure:10092: result: yes
configure:10095: checking whether to build shared libraries
configure:10116: result: yes
configure:10119: checking whether to build static libraries
configure:10123: result: yes
configure:10216: creating libtool
configure:10804: checking for ld used by g++
configure:10871: result: /usr/bin/ld -m elf_x86_64
configure:10880: checking if the linker (/usr/bin/ld -m elf_x86_64) is GNU ld
configure:10895: result: yes
configure:10946: checking whether the g++ linker (/usr/bin/ld -m elf_x86_64) supports shared libraries
configure:11920: result: yes
configure:11938: g++ -c -g -O2  conftest.cpp >&5
configure:11941: $? = 0
configure:12093: checking for g++ option to produce PIC
configure:12377: result: -fPIC
configure:12385: checking if g++ PIC flag -fPIC works
configure:12403: g++ -c -g -O2  -fPIC -DPIC conftest.cpp >&5
configure:12407: $? = 0
configure:12420: result: yes
configure:12448: checking if g++ static flag -static works
configure:12476: result: yes
configure:12486: checking if g++ supports -c -o file.o
configure:12507: g++ -c -g -O2  -o out/conftest2.o conftest.cpp >&5
configure:12511: $? = 0
configure:12533: result: yes
configure:12559: checking whether the g++ linker (/usr/bin/ld -m elf_x86_64) supports shared libraries
configure:12587: result: yes
configure:12654: checking dynamic linker characteristics
configure:13216: result: GNU/Linux ld.so
configure:13225: checking how to hardcode library paths into programs
configure:13250: result: immediate
configure:19564: checking for C++ compiler version
configure:19571: g++ --version >&5
g++ (Ubuntu 4.8.4-2ubuntu1~14.04.3) 4.8.4
Copyright (C) 2013 Free Software Foundation, Inc.
This is free software; see the source for copying conditions.  There is NO
warranty; not even for MERCHANTABILITY or FITNESS FOR A PARTICULAR PURPOSE.

configure:19574: $? = 0
configure:19581: g++ -v >&5
Using built-in specs.
COLLECT_GCC=g++
COLLECT_LTO_WRAPPER=/usr/lib/gcc/x86_64-linux-gnu/4.8/lto-wrapper
Target: x86_64-linux-gnu
Configured with: ../src/configure -v --with-pkgversion='Ubuntu 4.8.4-2ubuntu1~14.04.3' --with-bugurl=file:///usr/share/doc/gcc-4.8/README.Bugs --enable-languages=c,c++,java,go,d,fortran,objc,obj-c++ --prefix=/usr --program-suffix=-4.8 --enable-shared --enable-linker-build-id --libexecdir=/usr/lib --without-included-gettext --enable-threads=posix --with-gxx-include-dir=/usr/include/c++/4.8 --libdir=/usr/lib --enable-nls --with-sysroot=/ --enable-clocale=gnu --enable-libstdcxx-debug --enable-libstdcxx-time=yes --enable-gnu-unique-object --disable-libmudflap --enable-plugin --with-system-zlib --disable-browser-plugin --enable-java-awt=gtk --enable-gtk-cairo --with-java-home=/usr/lib/jvm/java-1.5.0-gcj-4.8-amd64/jre --enable-java-home --with-jvm-root-dir=/usr/lib/jvm/java-1.5.0-gcj-4.8-amd64 --with-jvm-jar-dir=/usr/lib/jvm-exports/java-1.5.0-gcj-4.8-amd64 --with-arch-directory=amd64 --with-ecj-jar=/usr/share/java/eclipse-ecj.jar --enable-objc-gc --enable-multiarch --disable-werror --with-arch-32=i686 --with-abi=m64 --with-multilib-list=m32,m64,mx32 --with-tune=generic --enable-checking=release --build=x86_64-linux-gnu --host=x86_64-linux-gnu --target=x86_64-linux-gnu
Thread model: posix
gcc version 4.8.4 (Ubuntu 4.8.4-2ubuntu1~14.04.3) 
configure:19584: $? = 0
configure:19591: g++ -V >&5
g++: error: unrecognized command line option '-V'
g++: fatal error: no input files
compilation terminated.
configure:19594: $? = 4
configure:19597: checking whether we are using the GNU C++ compiler
configure:19649: result: yes
configure:19654: checking whether g++ accepts -g
configure:19789: result: yes
configure:19814: checking dependency style of g++
configure:19905: result: gcc3
configure:19928: checking whether g++ works
configure:19951: g++ -c -g -O2  conftest.cpp >&5
configure:19957: $? = 0
configure:19962: result: yes
configure:19966: checking whether cin has a streambuf assignment operator
configure:19989: g++ -c -g -O2  conftest.cpp >&5
conftest.cpp: In function 'int main()':
conftest.cpp:25:1: error: 'cin' was not declared in this scope
 cin = static_cast<streambuf *>(0);
 ^
conftest.cpp:25:1: note: suggested alternative:
In file included from conftest.cpp:21:0:
/usr/include/c++/4.8/iostream:60:18: note:   'std::cin'
   extern istream cin;  /// Linked to standard input
                  ^
conftest.cpp:25:19: error: expected type-specifier before 'streambuf'
 cin = static_cast<streambuf *>(0);
                   ^
conftest.cpp:25:19: error: expected '>' before 'streambuf'
conftest.cpp:25:19: error: expected '(' before 'streambuf'
conftest.cpp:25:19: error: 'streambuf' was not declared in this scope
conftest.cpp:25:19: note: suggested alternative:
In file included from /usr/include/c++/4.8/ios:38:0,
                 from /usr/include/c++/4.8/ostream:38,
                 from /usr/include/c++/4.8/iostream:39,
                 from conftest.cpp:21:
/usr/include/c++/4.8/iosfwd:130:34: note:   'std::streambuf'
   typedef basic_streambuf<char>  streambuf;
                                  ^
conftest.cpp:25:30: error: expected primary-expression before '>' token
 cin = static_cast<streambuf *>(0);
                              ^
conftest.cpp:25:34: error: expected ')' before ';' token
 cin = static_cast<streambuf *>(0);
                                  ^
configure:19995: $? = 1
configure: failed program was:
| /* confdefs.h.  */
| #define PACKAGE_NAME ""
| #define PACKAGE_TARNAME ""
| #define PACKAGE_VERSION ""
| #define PACKAGE_STRING ""
| #define PACKAGE_BUGREPORT ""
| #define PACKAGE "fcgi"
| #define VERSION "2.4.0"
| #define STDC_HEADERS 1
| #define HAVE_SYS_TYPES_H 1
| #define HAVE_SYS_STAT_H 1
| #define HAVE_STDLIB_H 1
| #define HAVE_STRING_H 1
| #define HAVE_MEMORY_H 1
| #define HAVE_STRINGS_H 1
| #define HAVE_INTTYPES_H 1
| #define HAVE_STDINT_H 1
| #define HAVE_UNISTD_H 1
| #define HAVE_DLFCN_H 1
| /* end confdefs.h.  */
| #include <iostream>
| int
| main ()
| {
| cin = static_cast<streambuf *>(0);
|   ;
|   return 0;
| }
configure:20011: result: no
configure:20016: checking whether char_type is defined in the context of streambuf
configure:20039: g++ -c -g -O2  conftest.cpp >&5
configure:20045: $? = 0
configure:20050: result: yes
configure:20086: checking for gethostbyname in -lnsl
configure:20121: gcc -o conftest -g -O2   conftest.c -lnsl   >&5
configure:20127: $? = 0
configure:20145: result: yes
configure:20157: checking for socket in -lsocket
configure:20192: gcc -o conftest -g -O2   conftest.c -lsocket  -lnsl  >&5
/usr/bin/ld: cannot find -lsocket
collect2: error: ld returned 1 exit status
configure:20198: $? = 1
configure: failed program was:
| /* confdefs.h.  */
| #define PACKAGE_NAME ""
| #define PACKAGE_TARNAME ""
| #define PACKAGE_VERSION ""
| #define PACKAGE_STRING ""
| #define PACKAGE_BUGREPORT ""
| #define PACKAGE "fcgi"
| #define VERSION "2.4.0"
| #define STDC_HEADERS 1
| #define HAVE_SYS_TYPES_H 1
| #define HAVE_SYS_STAT_H 1
| #define HAVE_STDLIB_H 1
| #define HAVE_STRING_H 1
| #define HAVE_MEMORY_H 1
| #define HAVE_STRINGS_H 1
| #define HAVE_INTTYPES_H 1
| #define HAVE_STDINT_H 1
| #define HAVE_UNISTD_H 1
| #define HAVE_DLFCN_H 1
| #define HAVE_STREAMBUF_CHAR_TYPE 1
| #define HAVE_LIBNSL 1
| /* end confdefs.h.  */
| 
| /* Override any GCC internal prototype to avoid an error.
|    Use char because int might match the return type of a GCC
|    builtin and then its argument prototype would still apply.  */
| #ifdef __cplusplus
| extern "C"
| #endif
| char socket ();
| int
| main ()
| {
| return socket ();
|   ;
|   return 0;
| }
configure:20216: result: no
configure:20244: checking pthread.h usability
configure:20261: gcc -c -g -O2  conftest.c >&5
configure:20267: $? = 0
configure:20281: result: yes
configure:20285: checking pthread.h presence
configure:20300: gcc -E  conftest.c
configure:20306: $? = 0
configure:20320: result: yes
configure:20348: checking for pthread.h
configure:20355: result: yes
configure:20497: checking for the pthreads library -lpthreads
configure:20540: gcc -o conftest -g -O2    conftest.c -lpthreads -lnsl  >&5
conftest.c: In function 'main':
conftest.c:28:22: warning: null argument where non-null required (argument 1) [-Wnonnull]
                      pthread_attr_init(0); pthread_cleanup_push(0, 0);
                      ^
conftest.c:29:22: warning: null argument where non-null required (argument 1) [-Wnonnull]
                      pthread_create(0,0,0,0); pthread_cleanup_pop(0);
                      ^
conftest.c:29:22: warning: null argument where non-null required (argument 3) [-Wnonnull]
/usr/bin/ld: cannot find -lpthreads
collect2: error: ld returned 1 exit status
configure:20546: $? = 1
configure: failed program was:
| /* confdefs.h.  */
| #define PACKAGE_NAME ""
| #define PACKAGE_TARNAME ""
| #define PACKAGE_VERSION ""
| #define PACKAGE_STRING ""
| #define PACKAGE_BUGREPORT ""
| #define PACKAGE "fcgi"
| #define VERSION "2.4.0"
| #define STDC_HEADERS 1
| #define HAVE_SYS_TYPES_H 1
| #define HAVE_SYS_STAT_H 1
| #define HAVE_STDLIB_H 1
| #define HAVE_STRING_H 1
| #define HAVE_MEMORY_H 1
| #define HAVE_STRINGS_H 1
| #define HAVE_INTTYPES_H 1
| #define HAVE_STDINT_H 1
| #define HAVE_UNISTD_H 1
| #define HAVE_DLFCN_H 1
| #define HAVE_STREAMBUF_CHAR_TYPE 1
| #define HAVE_LIBNSL 1
| /* end confdefs.h.  */
| #include <pthread.h>
| int
| main ()
| {
| pthread_t th; pthread_join(th, 0);
|                      pthread_attr_init(0); pthread_cleanup_push(0, 0);
|                      pthread_create(0,0,0,0); pthread_cleanup_pop(0);
|   ;
|   return 0;
| }
configure:20566: result: no
configure:20486: checking whether pthreads work without any flags
configure:20540: gcc -o conftest -g -O2    conftest.c  -lnsl  >&5
conftest.c: In function 'main':
conftest.c:28:22: warning: null argument where non-null required (argument 1) [-Wnonnull]
                      pthread_attr_init(0); pthread_cleanup_push(0, 0);
                      ^
conftest.c:29:22: warning: null argument where non-null required (argument 1) [-Wnonnull]
                      pthread_create(0,0,0,0); pthread_cleanup_pop(0);
                      ^
conftest.c:29:22: warning: null argument where non-null required (argument 3) [-Wnonnull]
/tmp/ccUwZs8Y.o: In function `main':
/datadisk/my_project/nginx/libfcgi-master/conftest.c:27: undefined reference to `pthread_join'
/datadisk/my_project/nginx/libfcgi-master/conftest.c:28: undefined reference to `__pthread_register_cancel'
/datadisk/my_project/nginx/libfcgi-master/conftest.c:29: undefined reference to `pthread_create'
/datadisk/my_project/nginx/libfcgi-master/conftest.c:29: undefined reference to `__pthread_unregister_cancel'
collect2: error: ld returned 1 exit status
configure:20546: $? = 1
configure: failed program was:
| /* confdefs.h.  */
| #define PACKAGE_NAME ""
| #define PACKAGE_TARNAME ""
| #define PACKAGE_VERSION ""
| #define PACKAGE_STRING ""
| #define PACKAGE_BUGREPORT ""
| #define PACKAGE "fcgi"
| #define VERSION "2.4.0"
| #define STDC_HEADERS 1
| #define HAVE_SYS_TYPES_H 1
| #define HAVE_SYS_STAT_H 1
| #define HAVE_STDLIB_H 1
| #define HAVE_STRING_H 1
| #define HAVE_MEMORY_H 1
| #define HAVE_STRINGS_H 1
| #define HAVE_INTTYPES_H 1
| #define HAVE_STDINT_H 1
| #define HAVE_UNISTD_H 1
| #define HAVE_DLFCN_H 1
| #define HAVE_STREAMBUF_CHAR_TYPE 1
| #define HAVE_LIBNSL 1
| /* end confdefs.h.  */
| #include <pthread.h>
| int
| main ()
| {
| pthread_t th; pthread_join(th, 0);
|                      pthread_attr_init(0); pthread_cleanup_push(0, 0);
|                      pthread_create(0,0,0,0); pthread_cleanup_pop(0);
|   ;
|   return 0;
| }
configure:20566: result: no
configure:20491: checking whether pthreads work with -Kthread
configure:20540: gcc -o conftest -g -O2 -Kthread   conftest.c  -lnsl  >&5
gcc: error: unrecognized command line option '-Kthread'
configure:20546: $? = 1
configure: failed program was:
| /* confdefs.h.  */
| #define PACKAGE_NAME ""
| #define PACKAGE_TARNAME ""
| #define PACKAGE_VERSION ""
| #define PACKAGE_STRING ""
| #define PACKAGE_BUGREPORT ""
| #define PACKAGE "fcgi"
| #define VERSION "2.4.0"
| #define STDC_HEADERS 1
| #define HAVE_SYS_TYPES_H 1
| #define HAVE_SYS_STAT_H 1
| #define HAVE_STDLIB_H 1
| #define HAVE_STRING_H 1
| #define HAVE_MEMORY_H 1
| #define HAVE_STRINGS_H 1
| #define HAVE_INTTYPES_H 1
| #define HAVE_STDINT_H 1
| #define HAVE_UNISTD_H 1
| #define HAVE_DLFCN_H 1
| #define HAVE_STREAMBUF_CHAR_TYPE 1
| #define HAVE_LIBNSL 1
| /* end confdefs.h.  */
| #include <pthread.h>
| int
| main ()
| {
| pthread_t th; pthread_join(th, 0);
|                      pthread_attr_init(0); pthread_cleanup_push(0, 0);
|                      pthread_create(0,0,0,0); pthread_cleanup_pop(0);
|   ;
|   return 0;
| }
configure:20566: result: no
configure:20491: checking whether pthreads work with -kthread
configure:20540: gcc -o conftest -g -O2 -kthread   conftest.c  -lnsl  >&5
gcc: error: unrecognized command line option '-kthread'
configure:20546: $? = 1
configure: failed program was:
| /* confdefs.h.  */
| #define PACKAGE_NAME ""
| #define PACKAGE_TARNAME ""
| #define PACKAGE_VERSION ""
| #define PACKAGE_STRING ""
| #define PACKAGE_BUGREPORT ""
| #define PACKAGE "fcgi"
| #define VERSION "2.4.0"
| #define STDC_HEADERS 1
| #define HAVE_SYS_TYPES_H 1
| #define HAVE_SYS_STAT_H 1
| #define HAVE_STDLIB_H 1
| #define HAVE_STRING_H 1
| #define HAVE_MEMORY_H 1
| #define HAVE_STRINGS_H 1
| #define HAVE_INTTYPES_H 1
| #define HAVE_STDINT_H 1
| #define HAVE_UNISTD_H 1
| #define HAVE_DLFCN_H 1
| #define HAVE_STREAMBUF_CHAR_TYPE 1
| #define HAVE_LIBNSL 1
| /* end confdefs.h.  */
| #include <pthread.h>
| int
| main ()
| {
| pthread_t th; pthread_join(th, 0);
|                      pthread_attr_init(0); pthread_cleanup_push(0, 0);
|                      pthread_create(0,0,0,0); pthread_cleanup_pop(0);
|   ;
|   return 0;
| }
configure:20566: result: no
configure:20497: checking for the pthreads library -llthread
configure:20540: gcc -o conftest -g -O2    conftest.c -llthread -lnsl  >&5
conftest.c: In function 'main':
conftest.c:28:22: warning: null argument where non-null required (argument 1) [-Wnonnull]
                      pthread_attr_init(0); pthread_cleanup_push(0, 0);
                      ^
conftest.c:29:22: warning: null argument where non-null required (argument 1) [-Wnonnull]
                      pthread_create(0,0,0,0); pthread_cleanup_pop(0);
                      ^
conftest.c:29:22: warning: null argument where non-null required (argument 3) [-Wnonnull]
/usr/bin/ld: cannot find -llthread
collect2: error: ld returned 1 exit status
configure:20546: $? = 1
configure: failed program was:
| /* confdefs.h.  */
| #define PACKAGE_NAME ""
| #define PACKAGE_TARNAME ""
| #define PACKAGE_VERSION ""
| #define PACKAGE_STRING ""
| #define PACKAGE_BUGREPORT ""
| #define PACKAGE "fcgi"
| #define VERSION "2.4.0"
| #define STDC_HEADERS 1
| #define HAVE_SYS_TYPES_H 1
| #define HAVE_SYS_STAT_H 1
| #define HAVE_STDLIB_H 1
| #define HAVE_STRING_H 1
| #define HAVE_MEMORY_H 1
| #define HAVE_STRINGS_H 1
| #define HAVE_INTTYPES_H 1
| #define HAVE_STDINT_H 1
| #define HAVE_UNISTD_H 1
| #define HAVE_DLFCN_H 1
| #define HAVE_STREAMBUF_CHAR_TYPE 1
| #define HAVE_LIBNSL 1
| /* end confdefs.h.  */
| #include <pthread.h>
| int
| main ()
| {
| pthread_t th; pthread_join(th, 0);
|                      pthread_attr_init(0); pthread_cleanup_push(0, 0);
|                      pthread_create(0,0,0,0); pthread_cleanup_pop(0);
|   ;
|   return 0;
| }
configure:20566: result: no
configure:20491: checking whether pthreads work with -pthread
configure:20540: gcc -o conftest -g -O2 -pthread   conftest.c  -lnsl  >&5
conftest.c: In function 'main':
conftest.c:28:22: warning: null argument where non-null required (argument 1) [-Wnonnull]
                      pthread_attr_init(0); pthread_cleanup_push(0, 0);
                      ^
conftest.c:29:22: warning: null argument where non-null required (argument 1) [-Wnonnull]
                      pthread_create(0,0,0,0); pthread_cleanup_pop(0);
                      ^
conftest.c:29:22: warning: null argument where non-null required (argument 3) [-Wnonnull]
configure:20546: $? = 0
configure:20566: result: yes
configure:20586: checking for joinable pthread attribute
configure:20609: gcc -o conftest -g -O2 -pthread   conftest.c  -lnsl  >&5
configure:20615: $? = 0
configure:20683: result: PTHREAD_CREATE_JOINABLE
configure:20690: checking if more special flags are required for pthreads
configure:20697: result: no
configure:20709: checking for cc_r
configure:20737: result: gcc
configure:20766: checking for ssize_t
configure:20796: gcc -c -g -O2  conftest.c >&5
configure:20802: $? = 0
configure:20817: result: yes
configure:20830: checking for sun_len in sys/un.h
configure:20851: result: no
configure:20857: checking for fpos_t in stdio.h
configure:20870: result: yes
configure:20902: checking sys/socket.h usability
configure:20919: gcc -c -g -O2  conftest.c >&5
configure:20925: $? = 0
configure:20939: result: yes
configure:20943: checking sys/socket.h presence
configure:20958: gcc -E  conftest.c
configure:20964: $? = 0
configure:20978: result: yes
configure:21006: checking for sys/socket.h
configure:21014: result: yes
configure:20902: checking netdb.h usability
configure:20919: gcc -c -g -O2  conftest.c >&5
configure:20925: $? = 0
configure:20939: result: yes
configure:20943: checking netdb.h presence
configure:20958: gcc -E  conftest.c
configure:20964: $? = 0
configure:20978: result: yes
configure:21006: checking for netdb.h
configure:21014: result: yes
configure:20902: checking netinet/in.h usability
configure:20919: gcc -c -g -O2  conftest.c >&5
configure:20925: $? = 0
configure:20939: result: yes
configure:20943: checking netinet/in.h presence
configure:20958: gcc -E  conftest.c
configure:20964: $? = 0
configure:20978: result: yes
configure:21006: checking for netinet/in.h
configure:21014: result: yes
configure:20902: checking arpa/inet.h usability
configure:20919: gcc -c -g -O2  conftest.c >&5
configure:20925: $? = 0
configure:20939: result: yes
configure:20943: checking arpa/inet.h presence
configure:20958: gcc -E  conftest.c
configure:20964: $? = 0
configure:20978: result: yes
configure:21006: checking for arpa/inet.h
configure:21014: result: yes
configure:21045: checking sys/time.h usability
configure:21062: gcc -c -g -O2  conftest.c >&5
configure:21068: $? = 0
configure:21082: result: yes
configure:21086: checking sys/time.h presence
configure:21101: gcc -E  conftest.c
configure:21107: $? = 0
configure:21121: result: yes
configure:21149: checking for sys/time.h
configure:21157: result: yes
configure:21045: checking limits.h usability
configure:21062: gcc -c -g -O2  conftest.c >&5
configure:21068: $? = 0
configure:21082: result: yes
configure:21086: checking limits.h presence
configure:21101: gcc -E  conftest.c
configure:21107: $? = 0
configure:21121: result: yes
configure:21149: checking for limits.h
configure:21157: result: yes
configure:21045: checking sys/param.h usability
configure:21062: gcc -c -g -O2  conftest.c >&5
configure:21068: $? = 0
configure:21082: result: yes
configure:21086: checking sys/param.h presence
configure:21101: gcc -E  conftest.c
configure:21107: $? = 0
configure:21121: result: yes
configure:21149: checking for sys/param.h
configure:21157: result: yes
configure:21035: checking for unistd.h
configure:21041: result: yes
configure:21171: checking for a fileno() prototype in stdio.h
configure:21184: result: yes
configure:21230: checking whether cross-process locking is required by accept()
configure:21243: result: no
configure:21252: checking whether va_arg(arg, long double) crashes the compiler
configure:21275: gcc -c -g -O2  conftest.c >&5
configure:21281: $? = 0
configure:21286: result: no
configure:21303: checking for an ANSI C-conforming const
configure:21378: gcc -c -g -O2  conftest.c >&5
configure:21384: $? = 0
configure:21399: result: yes
configure:21415: checking for strerror
configure:21471: gcc -o conftest -g -O2   conftest.c -lnsl  >&5
configure:21477: $? = 0
configure:21495: result: yes
configure:21514: checking for inline
configure:21540: gcc -c -g -O2  conftest.c >&5
configure:21546: $? = 0
configure:21564: result: inline
configure:21600: checking for C compiler warning flags
configure:21672: result: -Wall
configure:21807: creating ./config.status

## ---------------------- ##
## Running config.status. ##
## ---------------------- ##

This file was extended by config.status, which was
generated by GNU Autoconf 2.61.  Invocation command line was

  CONFIG_FILES    = 
  CONFIG_HEADERS  = 
  CONFIG_LINKS    = 
  CONFIG_COMMANDS = 
  $ ./config.status 

on ubuntu

config.status:673: creating Makefile
config.status:813: WARNING:  Makefile.in seems to ignore the --datarootdir setting
config.status:673: creating cgi-fcgi/Makefile
config.status:673: creating include/Makefile
config.status:673: creating libfcgi/Makefile
config.status:673: creating examples/Makefile
config.status:673: creating fcgi_config.h
config.status:913: fcgi_config.h is unchanged
config.status:959: executing depfiles commands

## ---------------- ##
## Cache variables. ##
## ---------------- ##

ac_cv_build=x86_64-unknown-linux-gnu
ac_cv_c_compiler_gnu=yes
ac_cv_c_const=yes
ac_cv_c_inline=inline
ac_cv_cxx_compiler_gnu=yes
ac_cv_env_CCC_set=
ac_cv_env_CCC_value=
ac_cv_env_CC_set=
ac_cv_env_CC_value=
ac_cv_env_CFLAGS_set=
ac_cv_env_CFLAGS_value=
ac_cv_env_CPPFLAGS_set=
ac_cv_env_CPPFLAGS_value=
ac_cv_env_CPP_set=
ac_cv_env_CPP_value=
ac_cv_env_CXXCPP_set=
ac_cv_env_CXXCPP_value=
ac_cv_env_CXXFLAGS_set=
ac_cv_env_CXXFLAGS_value=
ac_cv_env_CXX_set=
ac_cv_env_CXX_value=
ac_cv_env_F77_set=
ac_cv_env_F77_value=
ac_cv_env_FFLAGS_set=
ac_cv_env_FFLAGS_value=
ac_cv_env_LDFLAGS_set=
ac_cv_env_LDFLAGS_value=
ac_cv_env_LIBS_set=
ac_cv_env_LIBS_value=
ac_cv_env_build_alias_set=
ac_cv_env_build_alias_value=
ac_cv_env_host_alias_set=
ac_cv_env_host_alias_value=
ac_cv_env_target_alias_set=
ac_cv_env_target_alias_value=
ac_cv_f77_compiler_gnu=no
ac_cv_func_strerror=yes
ac_cv_header_arpa_inet_h=yes
ac_cv_header_dlfcn_h=yes
ac_cv_header_inttypes_h=yes
ac_cv_header_limits_h=yes
ac_cv_header_memory_h=yes
ac_cv_header_netdb_h=yes
ac_cv_header_netinet_in_h=yes
ac_cv_header_pthread_h=yes
ac_cv_header_stdc=yes
ac_cv_header_stdint_h=yes
ac_cv_header_stdlib_h=yes
ac_cv_header_string_h=yes
ac_cv_header_strings_h=yes
ac_cv_header_sys_param_h=yes
ac_cv_header_sys_socket_h=yes
ac_cv_header_sys_stat_h=yes
ac_cv_header_sys_time_h=yes
ac_cv_header_sys_types_h=yes
ac_cv_header_unistd_h=yes
ac_cv_host=x86_64-unknown-linux-gnu
ac_cv_lib_nsl_gethostbyname=yes
ac_cv_lib_socket_socket=no
ac_cv_objext=o
ac_cv_path_EGREP='/bin/grep -E'
ac_cv_path_GREP=/bin/grep
ac_cv_path_install='/usr/bin/install -c'
ac_cv_path_mkdir=/bin/mkdir
ac_cv_prog_AWK=mawk
ac_cv_prog_CPP='gcc -E'
ac_cv_prog_CXXCPP='g++ -E'
ac_cv_prog_PTHREAD_CC=gcc
ac_cv_prog_ac_ct_AR=ar
ac_cv_prog_ac_ct_CC=gcc
ac_cv_prog_ac_ct_CXX=g++
ac_cv_prog_ac_ct_RANLIB=ranlib
ac_cv_prog_ac_ct_STRIP=strip
ac_cv_prog_cc_c89=
ac_cv_prog_cc_g=yes
ac_cv_prog_cc_warnings=-Wall
ac_cv_prog_cxx_g=yes
ac_cv_prog_f77_g=no
ac_cv_prog_make_make_set=yes
ac_cv_type_ssize_t=yes
am_cv_CC_dependencies_compiler_type=gcc3
am_cv_CXX_dependencies_compiler_type=gcc3
lt_cv_deplibs_check_method=pass_all
lt_cv_file_magic_cmd='$MAGIC_CMD'
lt_cv_file_magic_test_file=
lt_cv_ld_reload_flag=-r
lt_cv_objdir=.libs
lt_cv_path_LD=/usr/bin/ld
lt_cv_path_LDCXX='/usr/bin/ld -m elf_x86_64'
lt_cv_path_NM='/usr/bin/nm -B'
lt_cv_path_SED=/bin/sed
lt_cv_prog_compiler_c_o=yes
lt_cv_prog_compiler_c_o_CXX=yes
lt_cv_prog_compiler_rtti_exceptions=no
lt_cv_prog_gnu_ld=yes
lt_cv_prog_gnu_ldcxx=yes
lt_cv_sys_global_symbol_pipe='sed -n -e '\''s/^.*[ 	]\([ABCDGIRSTW][ABCDGIRSTW]*\)[ 	][ 	]*\([_A-Za-z][_A-Za-z0-9]*\)$/\1 \2 \2/p'\'''
lt_cv_sys_global_symbol_to_c_name_address='sed -n -e '\''s/^: \([^ ]*\) $/  {\"\1\", (lt_ptr) 0},/p'\'' -e '\''s/^[BCDEGRST] \([^ ]*\) \([^ ]*\)$/  {"\2", (lt_ptr) \&\2},/p'\'''
lt_cv_sys_global_symbol_to_cdecl='sed -n -e '\''s/^. .* \(.*\)$/extern int \1;/p'\'''
lt_cv_sys_max_cmd_len=1572864
lt_lt_cv_prog_compiler_c_o='"yes"'
lt_lt_cv_prog_compiler_c_o_CXX='"yes"'
lt_lt_cv_sys_global_symbol_pipe='"sed -n -e '\''s/^.*[ 	]\\([ABCDGIRSTW][ABCDGIRSTW]*\\)[ 	][ 	]*\\([_A-Za-z][_A-Za-z0-9]*\\)\$/\\1 \\2 \\2/p'\''"'
lt_lt_cv_sys_global_symbol_to_c_name_address='"sed -n -e '\''s/^: \\([^ ]*\\) \$/  {\\\"\\1\\\", (lt_ptr) 0},/p'\'' -e '\''s/^[BCDEGRST] \\([^ ]*\\) \\([^ ]*\\)\$/  {\"\\2\", (lt_ptr) \\&\\2},/p'\''"'
lt_lt_cv_sys_global_symbol_to_cdecl='"sed -n -e '\''s/^. .* \\(.*\\)\$/extern int \\1;/p'\''"'

## ----------------- ##
## Output variables. ##
## ----------------- ##

ACLOCAL='${SHELL} /datadisk/my_project/nginx/libfcgi-master/missing --run aclocal-1.10'
AMDEPBACKSLASH='\'
AMDEP_FALSE='#'
AMDEP_TRUE=''
AMTAR='${SHELL} /datadisk/my_project/nginx/libfcgi-master/missing --run tar'
AR='ar'
AUTOCONF='${SHELL} /datadisk/my_project/nginx/libfcgi-master/missing --run autoconf'
AUTOHEADER='${SHELL} /datadisk/my_project/nginx/libfcgi-master/missing --run autoheader'
AUTOMAKE='${SHELL} /datadisk/my_project/nginx/libfcgi-master/missing --run automake-1.10'
AWK='mawk'
CC='gcc'
CCDEPMODE='depmode=gcc3'
CFLAGS='-g -O2 -Wall'
CPP='gcc -E'
CPPFLAGS=''
CXX='g++'
CXXCPP='g++ -E'
CXXDEPMODE='depmode=gcc3'
CXXFLAGS='-g -O2'
CYGPATH_W='echo'
DEFS='-DHAVE_CONFIG_H'
DEPDIR='.deps'
ECHO='echo'
ECHO_C=''
ECHO_CPP='echo-cpp'
ECHO_N='-n'
ECHO_T=''
EGREP='/bin/grep -E'
EXEEXT=''
F77=''
FFLAGS=''
GREP='/bin/grep'
INSTALL_DATA='${INSTALL} -m 644'
INSTALL_PROGRAM='${INSTALL}'
INSTALL_SCRIPT='${INSTALL}'
INSTALL_STRIP_PROGRAM='$(install_sh) -c -s'
LDFLAGS=''
LIBFCGIXX='libfcgi++.la'
LIBOBJS=''
LIBS='-lnsl '
LIBTOOL='$(SHELL) $(top_builddir)/libtool'
LN_S='ln -s'
LTLIBOBJS=''
MAKEINFO='${SHELL} /datadisk/my_project/nginx/libfcgi-master/missing --run makeinfo'
OBJEXT='o'
PACKAGE='fcgi'
PACKAGE_BUGREPORT=''
PACKAGE_NAME=''
PACKAGE_STRING=''
PACKAGE_TARNAME=''
PACKAGE_VERSION=''
PATH_SEPARATOR=':'
PTHREAD_CC='gcc'
PTHREAD_CFLAGS='-pthread'
PTHREAD_LIBS=''
RANLIB='ranlib'
SED='/bin/sed'
SET_MAKE=''
SHELL='/bin/bash'
STRIP='strip'
SYSTEM='unix'
THREADED='threaded'
VERSION='2.4.0'
ac_ct_CC='gcc'
ac_ct_CXX='g++'
ac_ct_F77=''
am__fastdepCC_FALSE='#'
am__fastdepCC_TRUE=''
am__fastdepCXX_FALSE='#'
am__fastdepCXX_TRUE=''
am__include='include'
am__isrc=''
am__leading_dot='.'
am__quote=''
am__tar='${AMTAR} chof - "$$tardir"'
am__untar='${AMTAR} xf -'
bindir='${exec_prefix}/bin'
build='x86_64-unknown-linux-gnu'
build_alias=''
build_cpu='x86_64'
build_os='linux-gnu'
build_vendor='unknown'
datadir='${datarootdir}'
datarootdir='${prefix}/share'
docdir='${datarootdir}/doc/${PACKAGE}'
dvidir='${docdir}'
exec_prefix='${prefix}'
host='x86_64-unknown-linux-gnu'
host_alias=''
host_cpu='x86_64'
host_os='linux-gnu'
host_vendor='unknown'
htmldir='${docdir}'
includedir='${prefix}/include'
infodir='${datarootdir}/info'
install_sh='$(SHELL) /datadisk/my_project/nginx/libfcgi-master/install-sh'
libdir='${exec_prefix}/lib'
libexecdir='${exec_prefix}/libexec'
localedir='${datarootdir}/locale'
localstatedir='${prefix}/var'
mandir='${datarootdir}/man'
mkdir_p='/bin/mkdir -p'
oldincludedir='/usr/include'
pdfdir='${docdir}'
prefix='/usr/local'
program_transform_name='s,x,x,'
psdir='${docdir}'
sbindir='${exec_prefix}/sbin'
sharedstatedir='${prefix}/com'
sysconfdir='${prefix}/etc'
target_alias=''

## ----------- ##
## confdefs.h. ##
## ----------- ##

#define PACKAGE_NAME ""
#define PACKAGE_TARNAME ""
#define PACKAGE_VERSION ""
#define PACKAGE_STRING ""
#define PACKAGE_BUGREPORT ""
#define PACKAGE "fcgi"
#define VERSION "2.4.0"
#define STDC_HEADERS 1
#define HAVE_SYS_TYPES_H 1
#define HAVE_SYS_STAT_H 1
#define HAVE_STDLIB_H 1
#define HAVE_STRING_H 1
#define HAVE_MEMORY_H 1
#define HAVE_STRINGS_H 1
#define HAVE_INTTYPES_H 1
#define HAVE_STDINT_H 1
#define HAVE_UNISTD_H 1
#define HAVE_DLFCN_H 1
#define HAVE_STREAMBUF_CHAR_TYPE 1
#define HAVE_LIBNSL 1
#define HAVE_FPOS 1
#define HAVE_SYS_SOCKET_H 1
#define HAVE_NETDB_H 1
#define HAVE_NETINET_IN_H 1
#define HAVE_ARPA_INET_H 1
#define HAVE_SYS_TIME_H 1
#define HAVE_LIMITS_H 1
#define HAVE_SYS_PARAM_H 1
#define HAVE_UNISTD_H 1
#define HAVE_FILENO_PROTO 1
#define HAVE_STRERROR 1

configure: exit 0
